<?xml version="1.0" encoding="UTF-8" ?>
<testsuite errors="0" failures="0" hostname="li15-16" name="se.liu.ida.tdp024.account.logic.test.facade.AccountLogicFacadeTest" skipped="0" tests="3" time="5.067" timestamp="2016-10-18T10:02:52">
  <properties>
    <property name="java.vendor" value="Oracle Corporation" />
    <property name="sun.java.launcher" value="SUN_STANDARD" />
    <property name="sonar.projectName" value="tdp024_grupp_a2_2016" />
    <property name="sun.management.compiler" value="HotSpot 64-Bit Tiered Compilers" />
    <property name="os.name" value="Linux" />
    <property name="sun.boot.class.path" value="/usr/lib/jvm/java-7-openjdk-amd64/jre/lib/resources.jar:/usr/lib/jvm/java-7-openjdk-amd64/jre/lib/rt.jar:/usr/lib/jvm/java-7-openjdk-amd64/jre/lib/sunrsasign.jar:/usr/lib/jvm/java-7-openjdk-amd64/jre/lib/jsse.jar:/usr/lib/jvm/java-7-openjdk-amd64/jre/lib/jce.jar:/usr/lib/jvm/java-7-openjdk-amd64/jre/lib/charsets.jar:/usr/lib/jvm/java-7-openjdk-amd64/jre/lib/rhino.jar:/usr/lib/jvm/java-7-openjdk-amd64/jre/lib/jfr.jar:/usr/lib/jvm/java-7-openjdk-amd64/jre/classes" />
    <property name="java.vm.specification.vendor" value="Oracle Corporation" />
    <property name="ant.home" value="/usr/share/ant" />
    <property name="sonar.projectVersion" value="1.0" />
    <property name="java.runtime.version" value="1.7.0_111-b01" />
    <property name="sonar.jdbc.password" value="sonar_17f4" />
    <property name="user.name" value="emini901" />
    <property name="user.language" value="sv" />
    <property name="sun.boot.library.path" value="/usr/lib/jvm/java-7-openjdk-amd64/jre/lib/amd64" />
    <property name="ant.project.default-target" value="default" />
    <property name="ant.project.name" value="tdp024_grupp_a2_2016" />
    <property name="java.version" value="1.7.0_111" />
    <property name="user.timezone" value="" />
    <property name="sun.arch.data.model" value="64" />
    <property name="jacoco.report.dir" value="jacoco/report" />
    <property name="sonar.host.url" value="http://www.ida.liu.se/~TDP024/sonar" />
    <property name="java.endorsed.dirs" value="/usr/lib/jvm/java-7-openjdk-amd64/jre/lib/endorsed" />
    <property name="sonar.jdbc.username" value="tdp024_sonar" />
    <property name="sun.cpu.isalist" value="" />
    <property name="sun.jnu.encoding" value="UTF-8" />
    <property name="file.encoding.pkg" value="sun.io" />
    <property name="file.separator" value="/" />
    <property name="java.specification.name" value="Java Platform API Specification" />
    <property name="sonar.sources" value="   account-data-api/src,   account-data-impl-db/src,   account-logic-api/src,   account-logic-impl/src,   account-rest/src/java   " />
    <property name="java.class.version" value="51.0" />
    <property name="ant.file.tdp024_grupp_a2_2016" value="/home/emini901/tdp024/account/build.xml" />
    <property name="user.country" value="SE" />
    <property name="java.home" value="/usr/lib/jvm/java-7-openjdk-amd64/jre" />
    <property name="java.vm.info" value="mixed mode" />
    <property name="sonar.libraries" value="lib/*.jar,lib/jaxb/*.jar,lib/jersey/*.jar" />
    <property name="ant.file" value="/home/emini901/tdp024/account/build.xml" />
    <property name="os.version" value="4.2.0-42-generic" />
    <property name="jacoco.test.dir" value="jacoco/test" />
    <property name="path.separator" value=":" />
    <property name="java.vm.version" value="24.111-b01" />
    <property name="ant.library.dir" value="/usr/share/ant/lib" />
    <property name="sonar.login" value="grupp-a2-2016" />
    <property name="java.awt.printerjob" value="sun.print.PSPrinterJob" />
    <property name="sun.io.unicode.encoding" value="UnicodeLittle" />
    <property name="awt.toolkit" value="sun.awt.X11.XToolkit" />
    <property name="_jacoco.agentFile" value="/tmp/jacocoagent8206881657008055711.jar" />
    <property name="sonar.tests" value="    account-data-test/test,    account-logic-test/test,    account-rest/test    " />
    <property name="jacoco.exec.file" value="jacoco/jacoco.exec" />
    <property name="user.home" value="/home/emini901" />
    <property name="sonar.binaries" value="   account-data-api/build/classes,   account-data-impl-db/build/classes,   account-logic-api/build/classes,   account-logic-impl/build/classes,   account-rest/build/web/WEB-INF/classes,   account-util/build/classes   " />
    <property name="sonar.language" value="java" />
    <property name="java.specification.vendor" value="Oracle Corporation" />
    <property name="java.library.path" value="/sw/gcc-6.1.0/lib64:/usr/java/packages/lib/amd64:/usr/lib/x86_64-linux-gnu/jni:/lib/x86_64-linux-gnu:/usr/lib/x86_64-linux-gnu:/usr/lib/jni:/lib:/usr/lib" />
    <property name="java.vendor.url" value="http://java.oracle.com/" />
    <property name="java.vm.vendor" value="Oracle Corporation" />
    <property name="ant.file.type.tdp024_grupp_a2_2016" value="file" />
    <property name="java.runtime.name" value="OpenJDK Runtime Environment" />
    <property name="sun.java.command" value="org.apache.tools.ant.taskdefs.optional.junit.JUnitTestRunner se.liu.ida.tdp024.account.logic.test.facade.AccountLogicFacadeTest skipNonTests=false filtertrace=true haltOnError=false haltOnFailure=false showoutput=false outputtoformatters=true logfailedtests=true logtestlistenerevents=false formatter=org.apache.tools.ant.taskdefs.optional.junit.XMLJUnitResultFormatter,/home/emini901/tdp024/account/jacoco/test/TEST-se.liu.ida.tdp024.account.logic.test.facade.AccountLogicFacadeTest.xml crashfile=/home/emini901/tdp024/account/junitvmwatcher1238690966401037075.properties propsfile=/home/emini901/tdp024/account/junit5364863952716901212.properties" />
    <property name="java.class.path" value="/home/emini901/tdp024/account/account-data-api/build/classes:/home/emini901/tdp024/account/account-data-impl-db/build/classes:/home/emini901/tdp024/account/account-logic-api/build/classes:/home/emini901/tdp024/account/account-logic-impl/build/classes:/home/emini901/tdp024/account/account-rest/build/web/WEB-INF/classes:/home/emini901/tdp024/account/account-util/build/classes:/home/emini901/tdp024/account/account-data-test/build/test/classes:/home/emini901/tdp024/account/account-logic-test/build/test/classes:/home/emini901/tdp024/account/account-rest/build/test/classes:/home/emini901/tdp024/account/lib/ant-contrib-1.0b3.jar:/home/emini901/tdp024/account/lib/derby.jar:/home/emini901/tdp024/account/lib/eclipselink-2.3.0.jar:/home/emini901/tdp024/account/lib/jackson-annotations-2.2.2.jar:/home/emini901/tdp024/account/lib/jackson-core-2.2.2.jar:/home/emini901/tdp024/account/lib/jackson-databind-2.2.1.jar:/home/emini901/tdp024/account/lib/jacocoagent.jar:/home/emini901/tdp024/account/lib/jacocoant.jar:/home/emini901/tdp024/account/lib/javax.persistence-2.0.jar:/home/emini901/tdp024/account/lib/jaxb/activation.jar:/home/emini901/tdp024/account/lib/jaxb/jaxb-api.jar:/home/emini901/tdp024/account/lib/jaxb/jsr173_api.jar:/home/emini901/tdp024/account/lib/jersey/asm-3.1.jar:/home/emini901/tdp024/account/lib/jersey/jackson-core-asl-1.7.1.jar:/home/emini901/tdp024/account/lib/jersey/jackson-jaxrs-1.7.1.jar:/home/emini901/tdp024/account/lib/jersey/jackson-mapper-asl-1.7.1.jar:/home/emini901/tdp024/account/lib/jersey/jackson-xc-1.7.1.jar:/home/emini901/tdp024/account/lib/jersey/jersey-apache-client-1.8.jar:/home/emini901/tdp024/account/lib/jersey/jersey-atom-abdera-1.8.jar:/home/emini901/tdp024/account/lib/jersey/jersey-client-1.8.jar:/home/emini901/tdp024/account/lib/jersey/jersey-core-1.8.jar:/home/emini901/tdp024/account/lib/jersey/jersey-guice-1.8.jar:/home/emini901/tdp024/account/lib/jersey/jersey-json-1.8.jar:/home/emini901/tdp024/account/lib/jersey/jersey-multipart-1.8.jar:/home/emini901/tdp024/account/lib/jersey/jersey-server-1.8.jar:/home/emini901/tdp024/account/lib/jersey/jersey-simple-server-1.8.jar:/home/emini901/tdp024/account/lib/jersey/jersey-spring-1.8.jar:/home/emini901/tdp024/account/lib/jersey/jettison-1.1.jar:/home/emini901/tdp024/account/lib/jersey/jsr311-api-1.1.1.jar:/home/emini901/tdp024/account/lib/jersey/oauth-client-1.8.jar:/home/emini901/tdp024/account/lib/jersey/oauth-server-1.8.jar:/home/emini901/tdp024/account/lib/jersey/oauth-signature-1.8.jar:/home/emini901/tdp024/account/lib/junit-4.10.jar:/home/emini901/tdp024/account/lib/org-netbeans-modules-java-j2seproject-copylibstask.jar:/home/emini901/tdp024/account/lib/org.eclipse.persistence.jpa.jpql_1.0.0.jar:/home/emini901/tdp024/account/lib/sonar-ant-task-2.1.jar:/usr/share/ant/lib/junit.jar:/usr/share/java/ant-launcher-1.9.3.jar:/usr/share/ant/lib/ant.jar:/usr/share/ant/lib/ant-junit.jar:/usr/share/ant/lib/ant-junit4.jar:/tmp/jacocoagent8206881657008055711.jar" />
    <property name="ant.version" value="Apache Ant(TM) version 1.9.3 compiled on April 8 2014" />
    <property name="java.vm.specification.name" value="Java Virtual Machine Specification" />
    <property name="ant.file.type" value="file" />
    <property name="java.vm.specification.version" value="1.7" />
    <property name="sun.cpu.endian" value="little" />
    <property name="sun.os.patch.level" value="unknown" />
    <property name="java.io.tmpdir" value="/tmp" />
    <property name="sonar.jdbc.url" value="jdbc:mysql://db.ida.liu.se:3306/tdp024_sonar?useUnicode=true&amp;characterEncoding=utf8" />
    <property name="java.vendor.url.bug" value="http://bugreport.sun.com/bugreport/" />
    <property name="os.arch" value="amd64" />
    <property name="java.awt.graphicsenv" value="sun.awt.X11GraphicsEnvironment" />
    <property name="java.ext.dirs" value="/usr/lib/jvm/java-7-openjdk-amd64/jre/lib/ext:/usr/java/packages/lib/ext" />
    <property name="user.dir" value="/home/emini901/tdp024/account" />
    <property name="sonar.password" value="qcsf72td" />
    <property name="line.separator" value="&#xa;" />
    <property name="java.vm.name" value="OpenJDK 64-Bit Server VM" />
    <property name="basedir" value="/home/emini901/tdp024/account" />
    <property name="ant.java.version" value="1.7" />
    <property name="ant.core.lib" value="/usr/share/ant/lib/ant.jar" />
    <property name="file.encoding" value="UTF-8" />
    <property name="java.specification.version" value="1.7" />
    <property name="ant.project.invoked-targets" value="jacoco" />
    <property name="sonar.projectKey" value="tdp024_grupp_a2_2016" />
  </properties>
  <testcase classname="se.liu.ida.tdp024.account.logic.test.facade.AccountLogicFacadeTest" name="testFindAllTransactions" time="4.625" />
  <testcase classname="se.liu.ida.tdp024.account.logic.test.facade.AccountLogicFacadeTest" name="testCreate" time="0.261" />
  <testcase classname="se.liu.ida.tdp024.account.logic.test.facade.AccountLogicFacadeTest" name="testFindAll" time="0.0" />
  <system-out><![CDATA[testFindAllTransactions
[EL Info]: 2016-10-18 12:02:54.241--ServerSession(1665677484)--EclipseLink, version: Eclipse Persistence Services - 2.3.0.v20110604-r9504
[EL Info]: 2016-10-18 12:02:55.652--ServerSession(1665677484)--file:/home/emini901/tdp024/account/account-data-impl-db/build/classes/_account-dataPU login successful
[EL Warning]: 2016-10-18 12:02:55.911--ServerSession(1665677484)--Exception [EclipseLink-4002] (Eclipse Persistence Services - 2.3.0.v20110604-r9504): org.eclipse.persistence.exceptions.DatabaseException
Internal Exception: java.sql.SQLSyntaxErrorException: 'ALTER TABLE' cannot be performed on 'TRANSACTIONDB' because it does not exist.
Error Code: 30000
Call: ALTER TABLE TRANSACTIONDB DROP CONSTRAINT TRNSACTIONDBCCNTID
Query: DataModifyQuery(sql="ALTER TABLE TRANSACTIONDB DROP CONSTRAINT TRNSACTIONDBCCNTID")
[EL Warning]: 2016-10-18 12:02:55.916--ServerSession(1665677484)--Exception [EclipseLink-4002] (Eclipse Persistence Services - 2.3.0.v20110604-r9504): org.eclipse.persistence.exceptions.DatabaseException
Internal Exception: java.sql.SQLSyntaxErrorException: 'DROP TABLE' cannot be performed on 'ACCOUNTDB' because it does not exist.
Error Code: 30000
Call: DROP TABLE ACCOUNTDB
Query: DataModifyQuery(sql="DROP TABLE ACCOUNTDB")
[EL Warning]: 2016-10-18 12:02:55.996--ServerSession(1665677484)--Exception [EclipseLink-4002] (Eclipse Persistence Services - 2.3.0.v20110604-r9504): org.eclipse.persistence.exceptions.DatabaseException
Internal Exception: java.sql.SQLSyntaxErrorException: 'DROP TABLE' cannot be performed on 'TRANSACTIONDB' because it does not exist.
Error Code: 30000
Call: DROP TABLE TRANSACTIONDB
Query: DataModifyQuery(sql="DROP TABLE TRANSACTIONDB")
[{"id":1,"personKey":"\"9asd8awdj2\"","bankKey":"\"ad0SD16727ak\"","accountType":"CHECK","holdings":38}]
JSONJSONJSONJSONJSONJSONJSON
[{"id":2,"type":"CREDIT","amount":100,"created":"2016-10-18 12:02:56","status":"OK","account":{"id":1,"personKey":"\"9asd8awdj2\"","bankKey":"\"ad0SD16727ak\"","accountType":"CHECK","holdings":38}},{"id":3,"type":"DEBIT","amount":33,"created":"2016-10-18 12:02:56","status":"OK","account":{"id":1,"personKey":"\"9asd8awdj2\"","bankKey":"\"ad0SD16727ak\"","accountType":"CHECK","holdings":38}},{"id":4,"type":"DEBIT","amount":31,"created":"2016-10-18 12:02:56","status":"OK","account":{"id":1,"personKey":"\"9asd8awdj2\"","bankKey":"\"ad0SD16727ak\"","accountType":"CHECK","holdings":38}},{"id":5,"type":"CREDIT","amount":2,"created":"2016-10-18 12:02:56","status":"OK","account":{"id":1,"personKey":"\"9asd8awdj2\"","bankKey":"\"ad0SD16727ak\"","accountType":"CHECK","holdings":38}}]
[EL Info]: 2016-10-18 12:02:56.936--ServerSession(1665677484)--file:/home/emini901/tdp024/account/account-data-impl-db/build/classes/_account-dataPU logout successful
[EL Info]: 2016-10-18 12:02:57.02--ServerSession(976420821)--EclipseLink, version: Eclipse Persistence Services - 2.3.0.v20110604-r9504
[EL Info]: 2016-10-18 12:02:57.027--ServerSession(976420821)--file:/home/emini901/tdp024/account/account-data-impl-db/build/classes/_account-dataPU login successful
[EL Warning]: 2016-10-18 12:02:57.186--ServerSession(976420821)--Exception [EclipseLink-4002] (Eclipse Persistence Services - 2.3.0.v20110604-r9504): org.eclipse.persistence.exceptions.DatabaseException
Internal Exception: java.sql.SQLException: Table/View 'SEQUENCE' already exists in Schema 'APP'.
Error Code: 30000
Call: CREATE TABLE SEQUENCE (SEQ_NAME VARCHAR(50) NOT NULL, SEQ_COUNT DECIMAL(15), PRIMARY KEY (SEQ_NAME))
Query: DataModifyQuery(sql="CREATE TABLE SEQUENCE (SEQ_NAME VARCHAR(50) NOT NULL, SEQ_COUNT DECIMAL(15), PRIMARY KEY (SEQ_NAME))")
[EL Info]: 2016-10-18 12:02:57.206--ServerSession(976420821)--file:/home/emini901/tdp024/account/account-data-impl-db/build/classes/_account-dataPU logout successful
]]></system-out>
  <system-err><![CDATA[Constructor for AccountLogicFacadeImpl called.
Constructor for TransactionLogicFacadeImpl called.
AccountLogicFacadeImpl.create called.
AccountLogicFacadeImpl.getPersonKey called.
AccountLogicFacadeImpl.getBankKey called.
AccountEntityFacadeBD.create called.
TransactionLogicFacadeImpl.addTransaction called.
AccountEntityFacadeBD.find called.
TransactionEntityFacadeBD.create called.
AccountEntityFacadeBD.addTransaction called.
AccountEntityFacadeBD.deposit called.
TransactionLogicFacadeImpl.addTransaction called.
AccountEntityFacadeBD.find called.
TransactionEntityFacadeBD.create called.
AccountEntityFacadeBD.addTransaction called.
AccountEntityFacadeBD.withdraw called.
TransactionLogicFacadeImpl.addTransaction called.
AccountEntityFacadeBD.find called.
TransactionEntityFacadeBD.create called.
AccountEntityFacadeBD.addTransaction called.
AccountEntityFacadeBD.withdraw called.
TransactionLogicFacadeImpl.addTransaction called.
AccountEntityFacadeBD.find called.
TransactionEntityFacadeBD.create called.
AccountEntityFacadeBD.addTransaction called.
AccountEntityFacadeBD.deposit called.
AccountLogicFacadeImpl.findAllTransactions called.
AccountEntityFacadeBD.findAllTransactions called.
AccountLogicFacadeImpl.findAllAccounts called.
AccountLogicFacadeImpl.getPersonKey called.
AccountEntityFacadeBD.findAll called.
Constructor for AccountLogicFacadeImpl called.
Constructor for TransactionLogicFacadeImpl called.
AccountLogicFacadeImpl.create called.
AccountLogicFacadeImpl.getPersonKey called.
AccountLogicFacadeImpl.getBankKey called.
AccountEntityFacadeBD.create called.
Constructor for AccountLogicFacadeImpl called.
Constructor for TransactionLogicFacadeImpl called.
]]></system-err>
</testsuite>
